[2023-05-19 15:18:36,845] ->  INFO -> USER DATA -> USLACKBOT
[2023-05-19 15:18:36,845] ->  INFO -> count: 2
[2023-05-19 15:18:36,845] ->  INFO -> USER DATA -> U02PQTVDN8N
[2023-05-19 15:18:36,845] ->  INFO -> count: 2
[2023-05-19 15:18:37,254] ->  INFO -> USER DATA -> U02PXK19P7U
[2023-05-19 15:18:37,254] ->  INFO -> count: 2
[2023-05-19 15:18:37,254] ->  INFO -> USER DATA -> U02PZT1T068
[2023-05-19 15:18:37,255] ->  INFO -> count: 2
[2023-05-19 15:18:37,763] ->  INFO -> USER DATA -> U02Q06878AH
[2023-05-19 15:18:37,763] ->  INFO -> count: 2
[2023-05-19 15:18:37,763] ->  INFO -> USER DATA -> U02RBMLPNFM
[2023-05-19 15:18:37,763] ->  INFO -> count: 2
[2023-05-19 15:18:38,138] ->  INFO -> USER DATA -> U02RL313ABX
[2023-05-19 15:18:38,139] ->  INFO -> count: 2
[2023-05-19 15:18:38,139] ->  INFO -> USER DATA -> U02S6D2QBK9
[2023-05-19 15:18:38,139] ->  INFO -> count: 2
[2023-05-19 15:18:38,554] ->  INFO -> USER DATA -> U02SJBUMXD3
[2023-05-19 15:18:38,554] ->  INFO -> count: 2
[2023-05-19 15:18:38,554] ->  INFO -> USER DATA -> U02TALMS6E7
[2023-05-19 15:18:38,554] ->  INFO -> count: 2
[2023-05-19 15:18:38,929] ->  INFO -> USER DATA -> U02TJDR6LQ4
[2023-05-19 15:18:38,929] ->  INFO -> count: 2
[2023-05-19 15:18:38,929] ->  INFO -> USER DATA -> U02TPMA8V1C
[2023-05-19 15:18:38,929] ->  INFO -> count: 2
[2023-05-19 15:18:39,306] ->  INFO -> USER DATA -> U0394AY2W66
[2023-05-19 15:18:39,306] ->  INFO -> count: 2
[2023-05-19 15:18:39,306] ->  INFO -> USER DATA -> U03EQ7NK90F
[2023-05-19 15:18:39,307] ->  INFO -> count: 2
